#
# A fatal error has been detected by the Java Runtime Environment:
#
#  EXCEPTION_ACCESS_VIOLATION (0xc0000005) at pc=0x00000000539ee0f7, pid=11388, tid=0x00000000000049ec
#
# JRE version: Java(TM) SE Runtime Environment (8.0_281-b09) (build 1.8.0_281-b09)
# Java VM: Java HotSpot(TM) 64-Bit Server VM (25.281-b09 mixed mode windows-amd64 compressed oops)
# Problematic frame:
# V  [jvm.dll+0x7e0f7]
#
# Failed to write core dump. Minidumps are not enabled by default on client versions of Windows
#
# If you would like to submit a bug report, please visit:
#   http://bugreport.java.com/bugreport/crash.jsp
#

---------------  T H R E A D  ---------------

Current thread (0x0000000015ff3000):  VMThread [stack: 0x0000000018270000,0x0000000018370000] [id=18924]

siginfo: ExceptionCode=0xc0000005, reading address 0x0000001004100010

Registers:
RAX=0x0000000053f8abf0, RBX=0x0000001004100000, RCX=0x00000000541021d0, RDX=0x00000000c49f6580
RSP=0x000000001836f460, RBP=0x00000000541021d0, RSI=0x000000001836f4f0, RDI=0x00000000210a98b8
R8 =0x00000000eab00000, R9 =0x000000000000ea6d, R10=0x00000000546c6148, R11=0x000003879c90938d
R12=0x000000000003daf8, R13=0x000000000003daf8, R14=0x000000001836f598, R15=0x0000000000000000
RIP=0x00000000539ee0f7, EFLAGS=0x0000000000010206

Top of Stack: (sp=0x000000001836f460)
0x000000001836f460:   00000000004b43b0 0000000053c00048
0x000000001836f470:   000000001836f4f0 0000000000000000
0x000000001836f480:   0000000000006f0e 0000000053c00048
0x000000001836f490:   0000000000000000 00000000004b4200
0x000000001836f4a0:   00000000004ada20 00000000541021e0
0x000000001836f4b0:   000000001836f620 00000000539ef7ec
0x000000001836f4c0:   000000001836f578 0000000053f8ad70
0x000000001836f4d0:   000000001836f5b0 00000000004b43b0
0x000000001836f4e0:   000000001836f4f0 0000000053bf2d3c
0x000000001836f4f0:   0000000000005aea 0000000000000000
0x000000001836f500:   0000000000000000 00000000c089bd84
0x000000001836f510:   00000000004b43b0 0000000053d4521c
0x000000001836f520:   0000000015ff0680 0000000053f8ad70
0x000000001836f530:   0000000053f8ad70 0000000015ff0680
0x000000001836f540:   00000000541021e0 00000000000000a0
0x000000001836f550:   00000000541021e0 00000000000000a0 

Instructions: (pc=0x00000000539ee0f7)
0x00000000539ee0d7:   48 8b 58 08 4a 8d 3c 2b 49 8b 1c 1c 48 85 db 74
0x00000000539ee0e7:   56 0f 1f 84 00 00 00 00 00 48 8b 45 00 48 8b cd
0x00000000539ee0f7:   48 8b 53 10 ff 10 84 c0 74 18 4d 85 f6 74 0d 49
0x00000000539ee107:   8b 06 48 8d 53 10 49 8b ce ff 50 08 48 8d 7b 08 


Register to memory mapping:

RAX=0x0000000053f8abf0 is an unknown value
RBX=0x0000001004100000 is an unknown value
RCX=0x00000000541021d0 is an unknown value
RDX=0x00000000c49f6580 is an oop
java.lang.String 
 - klass: 'java/lang/String'
RSP=0x000000001836f460 is an unknown value
RBP=0x00000000541021d0 is an unknown value
RSI=0x000000001836f4f0 is an unknown value
RDI=0x00000000210a98b8 is an unknown value
R8 =0x00000000eab00000 is an oop
java.lang.ref.Finalizer$2 
 - klass: 'java/lang/ref/Finalizer$2'
R9 =0x000000000000ea6d is an unknown value
R10=0x00000000546c6148 is an unknown value
R11=0x000003879c90938d is an unknown value
R12=0x000000000003daf8 is an unknown value
R13=0x000000000003daf8 is an unknown value
R14=0x000000001836f598 is an unknown value
R15=0x0000000000000000 is an unknown value


Stack: [0x0000000018270000,0x0000000018370000],  sp=0x000000001836f460,  free space=1021k
Native frames: (J=compiled Java code, j=interpreted, Vv=VM code, C=native code)
V  [jvm.dll+0x7e0f7]
V  [jvm.dll+0x7f7ec]
V  [jvm.dll+0x3d521c]
V  [jvm.dll+0x3d0019]
V  [jvm.dll+0x3d7c25]
V  [jvm.dll+0x245447]
V  [jvm.dll+0x243bb5]
V  [jvm.dll+0x24432c]
V  [jvm.dll+0x24463c]
V  [jvm.dll+0x291cbc]
C  [ucrtbase.dll+0x21bb2]
C  [KERNEL32.DLL+0x17034]
C  [ntdll.dll+0x52651]

VM_Operation (0x00000000323af6a0): ParallelGCSystemGC, mode: safepoint, requested by thread 0x0000000024846000


---------------  P R O C E S S  ---------------

Java Threads: ( => current thread )
  0x000000002483d000 JavaThread "Worker-33" [_thread_blocked, id=17764, stack(0x00000000287e0000,0x00000000288e0000)]
  0x0000000021eef800 JavaThread "qtp71663596-152" [_thread_blocked, id=27912, stack(0x00000000318b0000,0x00000000319b0000)]
  0x0000000021eed800 JavaThread "Worker-30" [_thread_blocked, id=23464, stack(0x00000000321b0000,0x00000000322b0000)]
  0x0000000024840000 JavaThread "Thread-55" daemon [_thread_in_native, id=11748, stack(0x0000000031290000,0x0000000031390000)]
  0x0000000024846800 JavaThread "Thread-54" daemon [_thread_in_native, id=12548, stack(0x000000002e190000,0x000000002e290000)]
  0x0000000024846000 JavaThread "Worker-26" [_thread_blocked, id=1828, stack(0x00000000322b0000,0x00000000323b0000)]
  0x0000000024842000 JavaThread "RemotePrinterListener" daemon [_thread_blocked, id=27676, stack(0x0000000031190000,0x0000000031290000)]
  0x0000000024840800 JavaThread "PrinterListener" daemon [_thread_in_native, id=1280, stack(0x0000000027c00000,0x0000000027d00000)]
  0x0000000024843800 JavaThread "qtp71663596-114" [_thread_blocked, id=17220, stack(0x00000000313b0000,0x00000000314b0000)]
  0x0000000024843000 JavaThread "qtp71663596-113" [_thread_blocked, id=23288, stack(0x0000000031090000,0x0000000031190000)]
  0x0000000024841800 JavaThread "Scheduler-557134714" [_thread_blocked, id=21568, stack(0x0000000030690000,0x0000000030790000)]
  0x0000000021ef8800 JavaThread "AWT-Windows" daemon [_thread_in_native, id=11416, stack(0x0000000030790000,0x0000000030890000)]
  0x0000000021ef7000 JavaThread "org.eclipse.jetty.server.session.HashSessionManager@11c40102Timer" daemon [_thread_blocked, id=24412, stack(0x0000000030390000,0x0000000030490000)]
  0x0000000021ef6800 JavaThread "qtp71663596-98-selector-ServerConnectorManager@51c6e209/3" [_thread_in_native, id=29100, stack(0x000000002a2b0000,0x000000002a3b0000)]
  0x0000000021eec800 JavaThread "qtp71663596-97-selector-ServerConnectorManager@51c6e209/2" [_thread_in_native, id=29244, stack(0x0000000028de0000,0x0000000028ee0000)]
  0x0000000021ef3800 JavaThread "qtp71663596-96-selector-ServerConnectorManager@51c6e209/1" [_thread_in_native, id=23488, stack(0x00000000288e0000,0x00000000289e0000)]
  0x0000000021eec000 JavaThread "qtp71663596-95-acceptor-0@6a8ca87c-ServerConnector@1c8960cb{HTTP/1.1}{0.0.0.0:64300}" [_thread_in_native, id=28376, stack(0x00000000285e0000,0x00000000286e0000)]
  0x0000000021ef2000 JavaThread "qtp71663596-94-selector-ServerConnectorManager@51c6e209/0" [_thread_in_native, id=9844, stack(0x0000000028460000,0x0000000028560000)]
  0x0000000021eef000 JavaThread "Timer-6" daemon [_thread_blocked, id=4032, stack(0x0000000027400000,0x0000000027500000)]
  0x000000001a9ea800 JavaThread "Provisioning Event Dispatcher" daemon [_thread_blocked, id=2552, stack(0x000000002b880000,0x000000002b980000)]
  0x0000000024848000 JavaThread "Thread-8" [_thread_blocked, id=8680, stack(0x0000000028360000,0x0000000028460000)]
  0x000000001a9e6800 JavaThread "Java2D Disposer" daemon [_thread_blocked, id=12464, stack(0x0000000025160000,0x0000000025260000)]
  0x000000001a9e8000 JavaThread "EventAdmin Async Event Dispatcher Thread" daemon [_thread_blocked, id=23360, stack(0x0000000022de0000,0x0000000022ee0000)]
  0x000000001a9e6000 JavaThread "[ThreadPool Manager] - Idle Thread" daemon [_thread_blocked, id=26824, stack(0x0000000020c10000,0x0000000020d10000)]
  0x000000001a9e7800 JavaThread "Java indexing" daemon [_thread_blocked, id=27332, stack(0x000000001f1c0000,0x000000001f2c0000)]
  0x000000001a9eb000 JavaThread "Bundle File Closer" daemon [_thread_blocked, id=28124, stack(0x000000001edc0000,0x000000001eec0000)]
  0x00000000197fe000 JavaThread "EMF Reference Cleaner" daemon [_thread_blocked, id=7132, stack(0x000000001af40000,0x000000001b040000)]
  0x00000000193f5000 JavaThread "Worker-JM" [_thread_blocked, id=25916, stack(0x000000001b280000,0x000000001b380000)]
  0x0000000018db2800 JavaThread "[Timer] - Main Queue Handler" daemon [_thread_blocked, id=13916, stack(0x000000001b040000,0x000000001b140000)]
  0x0000000019877800 JavaThread "Start Level: Equinox Container: 9091f9da-c3a8-001b-1b9e-cad9c172f630" daemon [_thread_blocked, id=26316, stack(0x000000001ac40000,0x000000001ad40000)]
  0x00000000199ac800 JavaThread "Framework Event Dispatcher: Equinox Container: 9091f9da-c3a8-001b-1b9e-cad9c172f630" daemon [_thread_blocked, id=10892, stack(0x000000001ab40000,0x000000001ac40000)]
  0x0000000018f3b000 JavaThread "Active Thread: Equinox Container: 9091f9da-c3a8-001b-1b9e-cad9c172f630" [_thread_blocked, id=28724, stack(0x000000001aa40000,0x000000001ab40000)]
  0x0000000018cc0000 JavaThread "Service Thread" daemon [_thread_blocked, id=22572, stack(0x0000000019070000,0x0000000019170000)]
  0x0000000016047800 JavaThread "C1 CompilerThread3" daemon [_thread_blocked, id=14828, stack(0x0000000018b70000,0x0000000018c70000)]
  0x0000000016044800 JavaThread "C2 CompilerThread2" daemon [_thread_blocked, id=26308, stack(0x0000000018a70000,0x0000000018b70000)]
  0x000000001603f800 JavaThread "C2 CompilerThread1" daemon [_thread_blocked, id=11008, stack(0x0000000018970000,0x0000000018a70000)]
  0x000000001603e000 JavaThread "C2 CompilerThread0" daemon [_thread_blocked, id=25820, stack(0x0000000018870000,0x0000000018970000)]
  0x0000000016039000 JavaThread "Attach Listener" daemon [_thread_blocked, id=25228, stack(0x0000000018770000,0x0000000018870000)]
  0x0000000016038000 JavaThread "Signal Dispatcher" daemon [_thread_blocked, id=19980, stack(0x0000000018670000,0x0000000018770000)]
  0x000000001601f000 JavaThread "Finalizer" daemon [_thread_blocked, id=3448, stack(0x0000000018470000,0x0000000018570000)]
  0x0000000000559000 JavaThread "Reference Handler" daemon [_thread_blocked, id=23500, stack(0x0000000018370000,0x0000000018470000)]
  0x00000000004b1800 JavaThread "main" [_thread_in_native, id=29572, stack(0x0000000000050000,0x0000000000150000)]

Other Threads:
=>0x0000000015ff3000 VMThread [stack: 0x0000000018270000,0x0000000018370000] [id=18924]
  0x0000000018ce6000 WatcherThread [stack: 0x0000000019170000,0x0000000019270000] [id=12704]

VM state:at safepoint (normal execution)

VM Mutex/Monitor currently owned by a thread:  ([mutex/lock_event])
[0x00000000004adfa0] Threads_lock - owner thread: 0x0000000015ff3000
[0x00000000004ad8a0] Heap_lock - owner thread: 0x0000000024846000

heap address: 0x00000000c0000000, size: 1024 MB, Compressed Oops mode: 32-bit
Narrow klass base: 0x0000000000000000, Narrow klass shift: 3
Compressed class space size: 1073741824 Address: 0x0000000100000000

Heap:
 PSYoungGen      total 318976K, used 12402K [0x00000000eab00000, 0x00000000ff600000, 0x0000000100000000)
  eden space 301056K, 4% used [0x00000000eab00000,0x00000000eb71c930,0x00000000fd100000)
  from space 17920K, 0% used [0x00000000fd100000,0x00000000fd100000,0x00000000fe280000)
  to   space 17920K, 1% used [0x00000000fe480000,0x00000000fe4b8000,0x00000000ff600000)
 ParOldGen       total 586752K, used 105563K [0x00000000c0000000, 0x00000000e3d00000, 0x00000000eab00000)
  object space 586752K, 17% used [0x00000000c0000000,0x00000000c6716ff0,0x00000000e3d00000)
 Metaspace       used 145592K, capacity 157654K, committed 157976K, reserved 1185792K
  class space    used 17719K, capacity 21437K, committed 21552K, reserved 1048576K

Card table byte_map: [0x00000000123f0000,0x0000000012600000] byte_map_base: 0x0000000011df0000

Marking Bits: (ParMarkBitMap*) 0x0000000054156ff0
 Begin Bits: [0x0000000013160000, 0x0000000014160000)
 End Bits:   [0x0000000014160000, 0x0000000015160000)

Polling page: 0x00000000025f0000

CodeCache: size=245760Kb used=63645Kb max_used=63650Kb free=182115Kb
 bounds [0x0000000003030000, 0x0000000006ec0000, 0x0000000012030000]
 total_blobs=18004 nmethods=16835 adapters=1075
 compilation: enabled

Compilation events (10 events):
Event: 1582.521 Thread 0x0000000016047800 22409       3       java.lang.reflect.Field::getInt (51 bytes)
Event: 1582.521 Thread 0x000000001603f800 nmethod 22405 0x0000000006d340d0 code [0x0000000006d34200, 0x0000000006d34378]
Event: 1582.521 Thread 0x0000000016047800 nmethod 22409 0x00000000058ca150 code [0x00000000058ca320, 0x00000000058ca948]
Event: 1582.525 Thread 0x000000001603e000 nmethod 22406 0x00000000058c9450 code [0x00000000058c95e0, 0x00000000058c9c78]
Event: 1582.547 Thread 0x0000000016044800 22410       4       org.eclipse.swt.widgets.Control::WM_WINDOWPOSCHANGING (263 bytes)
Event: 1582.549 Thread 0x0000000016044800 nmethod 22410 0x0000000005297b50 code [0x0000000005297d20, 0x00000000052980a0]
Event: 1583.968 Thread 0x0000000016047800 22411   !   3       org.eclipse.core.internal.jobs.LockManager::addLockThread (53 bytes)
Event: 1583.968 Thread 0x0000000016047800 nmethod 22411 0x0000000005299350 code [0x0000000005299520, 0x0000000005299bb8]
Event: 1583.968 Thread 0x0000000016047800 22412   !   3       org.eclipse.core.internal.jobs.LockManager::removeLockThread (53 bytes)
Event: 1583.969 Thread 0x0000000016047800 nmethod 22412 0x00000000052986d0 code [0x00000000052988a0, 0x0000000005298f38]

GC Heap History (10 events):
Event: 1444.833 GC heap after
Heap after GC invocations=156 (full 23):
 PSYoungGen      total 307200K, used 13304K [0x00000000eab00000, 0x00000000ff200000, 0x0000000100000000)
  eden space 293888K, 0% used [0x00000000eab00000,0x00000000eab00000,0x00000000fca00000)
  from space 13312K, 99% used [0x00000000fca00000,0x00000000fd6fe1b0,0x00000000fd700000)
  to   space 15872K, 0% used [0x00000000fe280000,0x00000000fe280000,0x00000000ff200000)
 ParOldGen       total 586752K, used 103449K [0x00000000c0000000, 0x00000000e3d00000, 0x00000000eab00000)
  object space 586752K, 17% used [0x00000000c0000000,0x00000000c6506490,0x00000000e3d00000)
 Metaspace       used 145344K, capacity 157416K, committed 157592K, reserved 1185792K
  class space    used 17696K, capacity 21402K, committed 21424K, reserved 1048576K
}
Event: 1495.811 GC heap before
{Heap before GC invocations=157 (full 23):
 PSYoungGen      total 307200K, used 199615K [0x00000000eab00000, 0x00000000ff200000, 0x0000000100000000)
  eden space 293888K, 63% used [0x00000000eab00000,0x00000000f60f1e18,0x00000000fca00000)
  from space 13312K, 99% used [0x00000000fca00000,0x00000000fd6fe1b0,0x00000000fd700000)
  to   space 15872K, 0% used [0x00000000fe280000,0x00000000fe280000,0x00000000ff200000)
 ParOldGen       total 586752K, used 103449K [0x00000000c0000000, 0x00000000e3d00000, 0x00000000eab00000)
  object space 586752K, 17% used [0x00000000c0000000,0x00000000c6506490,0x00000000e3d00000)
 Metaspace       used 145582K, capacity 157666K, committed 157976K, reserved 1185792K
  class space    used 17720K, capacity 21439K, committed 21552K, reserved 1048576K
Event: 1495.823 GC heap after
Heap after GC invocations=157 (full 23):
 PSYoungGen      total 316928K, used 15142K [0x00000000eab00000, 0x00000000ff600000, 0x0000000100000000)
  eden space 301056K, 0% used [0x00000000eab00000,0x00000000eab00000,0x00000000fd100000)
  from space 15872K, 95% used [0x00000000fe280000,0x00000000ff1498e8,0x00000000ff200000)
  to   space 17920K, 0% used [0x00000000fd100000,0x00000000fd100000,0x00000000fe280000)
 ParOldGen       total 586752K, used 103457K [0x00000000c0000000, 0x00000000e3d00000, 0x00000000eab00000)
  object space 586752K, 17% used [0x00000000c0000000,0x00000000c6508490,0x00000000e3d00000)
 Metaspace       used 145582K, capacity 157666K, committed 157976K, reserved 1185792K
  class space    used 17720K, capacity 21439K, committed 21552K, reserved 1048576K
}
Event: 1495.824 GC heap before
{Heap before GC invocations=158 (full 24):
 PSYoungGen      total 316928K, used 15142K [0x00000000eab00000, 0x00000000ff600000, 0x0000000100000000)
  eden space 301056K, 0% used [0x00000000eab00000,0x00000000eab00000,0x00000000fd100000)
  from space 15872K, 95% used [0x00000000fe280000,0x00000000ff1498e8,0x00000000ff200000)
  to   space 17920K, 0% used [0x00000000fd100000,0x00000000fd100000,0x00000000fe280000)
 ParOldGen       total 586752K, used 103457K [0x00000000c0000000, 0x00000000e3d00000, 0x00000000eab00000)
  object space 586752K, 17% used [0x00000000c0000000,0x00000000c6508490,0x00000000e3d00000)
 Metaspace       used 145582K, capacity 157666K, committed 157976K, reserved 1185792K
  class space    used 17720K, capacity 21439K, committed 21552K, reserved 1048576K
Event: 1496.465 GC heap after
Heap after GC invocations=158 (full 24):
 PSYoungGen      total 316928K, used 0K [0x00000000eab00000, 0x00000000ff600000, 0x0000000100000000)
  eden space 301056K, 0% used [0x00000000eab00000,0x00000000eab00000,0x00000000fd100000)
  from space 15872K, 0% used [0x00000000fe280000,0x00000000fe280000,0x00000000ff200000)
  to   space 17920K, 0% used [0x00000000fd100000,0x00000000fd100000,0x00000000fe280000)
 ParOldGen       total 586752K, used 108469K [0x00000000c0000000, 0x00000000e3d00000, 0x00000000eab00000)
  object space 586752K, 18% used [0x00000000c0000000,0x00000000c69ed6c0,0x00000000e3d00000)
 Metaspace       used 145582K, capacity 157666K, committed 157976K, reserved 1185792K
  class space    used 17720K, capacity 21439K, committed 21552K, reserved 1048576K
}
Event: 1555.821 GC heap before
{Heap before GC invocations=159 (full 24):
 PSYoungGen      total 316928K, used 17315K [0x00000000eab00000, 0x00000000ff600000, 0x0000000100000000)
  eden space 301056K, 5% used [0x00000000eab00000,0x00000000ebbe8cb8,0x00000000fd100000)
  from space 15872K, 0% used [0x00000000fe280000,0x00000000fe280000,0x00000000ff200000)
  to   space 17920K, 0% used [0x00000000fd100000,0x00000000fd100000,0x00000000fe280000)
 ParOldGen       total 586752K, used 108469K [0x00000000c0000000, 0x00000000e3d00000, 0x00000000eab00000)
  object space 586752K, 18% used [0x00000000c0000000,0x00000000c69ed6c0,0x00000000e3d00000)
 Metaspace       used 145589K, capacity 157666K, committed 157976K, reserved 1185792K
  class space    used 17720K, capacity 21439K, committed 21552K, reserved 1048576K
Event: 1555.828 GC heap after
Heap after GC invocations=159 (full 24):
 PSYoungGen      total 318976K, used 928K [0x00000000eab00000, 0x00000000ff600000, 0x0000000100000000)
  eden space 301056K, 0% used [0x00000000eab00000,0x00000000eab00000,0x00000000fd100000)
  from space 17920K, 5% used [0x00000000fd100000,0x00000000fd1e8000,0x00000000fe280000)
  to   space 17920K, 0% used [0x00000000fe480000,0x00000000fe480000,0x00000000ff600000)
 ParOldGen       total 586752K, used 108477K [0x00000000c0000000, 0x00000000e3d00000, 0x00000000eab00000)
  object space 586752K, 18% used [0x00000000c0000000,0x00000000c69ef6c0,0x00000000e3d00000)
 Metaspace       used 145589K, capacity 157666K, committed 157976K, reserved 1185792K
  class space    used 17720K, capacity 21439K, committed 21552K, reserved 1048576K
}
Event: 1555.828 GC heap before
{Heap before GC invocations=160 (full 25):
 PSYoungGen      total 318976K, used 928K [0x00000000eab00000, 0x00000000ff600000, 0x0000000100000000)
  eden space 301056K, 0% used [0x00000000eab00000,0x00000000eab00000,0x00000000fd100000)
  from space 17920K, 5% used [0x00000000fd100000,0x00000000fd1e8000,0x00000000fe280000)
  to   space 17920K, 0% used [0x00000000fe480000,0x00000000fe480000,0x00000000ff600000)
 ParOldGen       total 586752K, used 108477K [0x00000000c0000000, 0x00000000e3d00000, 0x00000000eab00000)
  object space 586752K, 18% used [0x00000000c0000000,0x00000000c69ef6c0,0x00000000e3d00000)
 Metaspace       used 145589K, capacity 157666K, committed 157976K, reserved 1185792K
  class space    used 17720K, capacity 21439K, committed 21552K, reserved 1048576K
Event: 1556.603 GC heap after
Heap after GC invocations=160 (full 25):
 PSYoungGen      total 318976K, used 0K [0x00000000eab00000, 0x00000000ff600000, 0x0000000100000000)
  eden space 301056K, 0% used [0x00000000eab00000,0x00000000eab00000,0x00000000fd100000)
  from space 17920K, 0% used [0x00000000fd100000,0x00000000fd100000,0x00000000fe280000)
  to   space 17920K, 0% used [0x00000000fe480000,0x00000000fe480000,0x00000000ff600000)
 ParOldGen       total 586752K, used 105563K [0x00000000c0000000, 0x00000000e3d00000, 0x00000000eab00000)
  object space 586752K, 17% used [0x00000000c0000000,0x00000000c6716ff0,0x00000000e3d00000)
 Metaspace       used 145585K, capacity 157654K, committed 157976K, reserved 1185792K
  class space    used 17719K, capacity 21437K, committed 21552K, reserved 1048576K
}
Event: 1615.830 GC heap before
{Heap before GC invocations=161 (full 25):
 PSYoungGen      total 318976K, used 12402K [0x00000000eab00000, 0x00000000ff600000, 0x0000000100000000)
  eden space 301056K, 4% used [0x00000000eab00000,0x00000000eb71c930,0x00000000fd100000)
  from space 17920K, 0% used [0x00000000fd100000,0x00000000fd100000,0x00000000fe280000)
  to   space 17920K, 0% used [0x00000000fe480000,0x00000000fe480000,0x00000000ff600000)
 ParOldGen       total 586752K, used 105563K [0x00000000c0000000, 0x00000000e3d00000, 0x00000000eab00000)
  object space 586752K, 17% used [0x00000000c0000000,0x00000000c6716ff0,0x00000000e3d00000)
 Metaspace       used 145592K, capacity 157654K, committed 157976K, reserved 1185792K
  class space    used 17719K, capacity 21437K, committed 21552K, reserved 1048576K

Deoptimization events (10 events):
Event: 1445.132 Thread 0x0000000024843000 Uncommon trap: reason=unstable_if action=reinterpret pc=0x0000000005e6f4dc method=com.lowagie.text.pdf.RandomAccessFileOrArray.read()I @ 32
Event: 1445.132 Thread 0x0000000024843000 Uncommon trap: reason=unstable_if action=reinterpret pc=0x0000000005ff1640 method=com.lowagie.text.pdf.RandomAccessFileOrArray.read()I @ 32
Event: 1445.132 Thread 0x0000000024843000 Uncommon trap: reason=unstable_if action=reinterpret pc=0x0000000006d72448 method=com.lowagie.text.pdf.RandomAccessFileOrArray.read()I @ 32
Event: 1445.132 Thread 0x0000000024843000 Uncommon trap: reason=unstable_if action=reinterpret pc=0x0000000004fc5ea8 method=com.lowagie.text.pdf.RandomAccessFileOrArray.insureOpen()V @ 11
Event: 1445.132 Thread 0x0000000024843000 Uncommon trap: reason=unstable_if action=reinterpret pc=0x0000000004114dbc method=com.lowagie.text.pdf.RandomAccessFileOrArray.read([BII)I @ 62
Event: 1445.133 Thread 0x0000000024843000 Uncommon trap: reason=unstable_if action=reinterpret pc=0x0000000004113364 method=com.lowagie.text.pdf.RandomAccessFileOrArray.read([BII)I @ 62
Event: 1445.498 Thread 0x0000000024843000 Uncommon trap: reason=unstable_if action=reinterpret pc=0x00000000037aa0cc method=com.lowagie.text.pdf.RandomAccessFileOrArray.read()I @ 32
Event: 1445.784 Thread 0x0000000024843000 Uncommon trap: reason=unstable_if action=reinterpret pc=0x0000000006b49188 method=org.eclipse.jetty.server.HttpConnection.send(Ljava/nio/ByteBuffer;ZLorg/eclipse/jetty/util/Callback;)V @ 8
Event: 1454.059 Thread 0x00000000004b1800 Uncommon trap: reason=bimorphic action=maybe_recompile pc=0x0000000004480ba4 method=org.eclipse.swt.widgets.Control.WM_WINDOWPOSCHANGING(JJ)Lorg/eclipse/swt/internal/win32/LRESULT; @ 8
Event: 1578.532 Thread 0x00000000004b1800 Uncommon trap: reason=bimorphic action=maybe_recompile pc=0x0000000004480ba4 method=org.eclipse.swt.widgets.Control.WM_WINDOWPOSCHANGING(JJ)Lorg/eclipse/swt/internal/win32/LRESULT; @ 8

Classes redefined (0 events):
No events

Internal exceptions (10 events):
Event: 1445.890 Thread 0x0000000024843800 Exception <a 'java/io/IOException'> (0x00000000f582d4e8) thrown at [C:\jenkins\workspace\8-2-build-windows-amd64-cygwin\jdk8u281\880\hotspot\src\share\vm\prims\jni.cpp, line 710]
Event: 1445.890 Thread 0x0000000024843800 Exception <a 'java/io/IOException'> (0x00000000f582db48) thrown at [C:\jenkins\workspace\8-2-build-windows-amd64-cygwin\jdk8u281\880\hotspot\src\share\vm\prims\jni.cpp, line 710]
Event: 1445.890 Thread 0x0000000024843800 Exception <a 'java/io/IOException'> (0x00000000f582e178) thrown at [C:\jenkins\workspace\8-2-build-windows-amd64-cygwin\jdk8u281\880\hotspot\src\share\vm\prims\jni.cpp, line 710]
Event: 1445.891 Thread 0x0000000024843800 Exception <a 'java/io/IOException'> (0x00000000f582e7f8) thrown at [C:\jenkins\workspace\8-2-build-windows-amd64-cygwin\jdk8u281\880\hotspot\src\share\vm\prims\jni.cpp, line 710]
Event: 1445.891 Thread 0x0000000024843800 Exception <a 'java/io/IOException'> (0x00000000f582ee58) thrown at [C:\jenkins\workspace\8-2-build-windows-amd64-cygwin\jdk8u281\880\hotspot\src\share\vm\prims\jni.cpp, line 710]
Event: 1445.891 Thread 0x0000000024843800 Exception <a 'java/io/IOException'> (0x00000000f582f488) thrown at [C:\jenkins\workspace\8-2-build-windows-amd64-cygwin\jdk8u281\880\hotspot\src\share\vm\prims\jni.cpp, line 710]
Event: 1445.891 Thread 0x0000000024843800 Exception <a 'java/io/IOException'> (0x00000000f582fb08) thrown at [C:\jenkins\workspace\8-2-build-windows-amd64-cygwin\jdk8u281\880\hotspot\src\share\vm\prims\jni.cpp, line 710]
Event: 1445.891 Thread 0x0000000024843800 Exception <a 'java/io/IOException'> (0x00000000f5830168) thrown at [C:\jenkins\workspace\8-2-build-windows-amd64-cygwin\jdk8u281\880\hotspot\src\share\vm\prims\jni.cpp, line 710]
Event: 1445.891 Thread 0x0000000024843800 Exception <a 'java/io/IOException'> (0x00000000f5830798) thrown at [C:\jenkins\workspace\8-2-build-windows-amd64-cygwin\jdk8u281\880\hotspot\src\share\vm\prims\jni.cpp, line 710]
Event: 1445.898 Thread 0x0000000024843800 Exception <a 'java/io/IOException'> (0x00000000f59cee48) thrown at [C:\jenkins\workspace\8-2-build-windows-amd64-cygwin\jdk8u281\880\hotspot\src\share\vm\prims\jni.cpp, line 710]

Events (10 events):
Event: 1578.532 Thread 0x00000000004b1800 DEOPT UNPACKING pc=0x000000000307583b sp=0x000000000014c6d0 mode 2
Event: 1579.018 Thread 0x0000000024849800 Thread added: 0x0000000024849800
Event: 1580.023 Executing VM operation: RevokeBias
Event: 1580.023 Executing VM operation: RevokeBias done
Event: 1580.023 Thread 0x0000000024849800 Thread exited: 0x0000000024849800
Event: 1580.517 Thread 0x000000002484b000 Thread added: 0x000000002484b000
Event: 1581.521 Executing VM operation: RevokeBias
Event: 1581.521 Executing VM operation: RevokeBias done
Event: 1581.521 Thread 0x000000002484b000 Thread exited: 0x000000002484b000
Event: 1615.830 Executing VM operation: ParallelGCSystemGC


Dynamic libraries:
0x0000000000400000 - 0x000000000044f000 	D:\Downloads\Programs\mars\eclipse\eclipse.exe
0x00007ff809010000 - 0x00007ff809205000 	C:\WINDOWS\SYSTEM32\ntdll.dll
0x00007ff8071a0000 - 0x00007ff80725d000 	C:\WINDOWS\System32\KERNEL32.DLL
0x00007ff8067d0000 - 0x00007ff806a98000 	C:\WINDOWS\System32\KERNELBASE.dll
0x00007ff808e00000 - 0x00007ff808fa0000 	C:\WINDOWS\System32\USER32.dll
0x00007ff806f20000 - 0x00007ff806f42000 	C:\WINDOWS\System32\win32u.dll
0x00007ff808fa0000 - 0x00007ff808fca000 	C:\WINDOWS\System32\GDI32.dll
0x00007ff806d10000 - 0x00007ff806e1b000 	C:\WINDOWS\System32\gdi32full.dll
0x00007ff806fa0000 - 0x00007ff80703d000 	C:\WINDOWS\System32\msvcp_win.dll
0x00007ff806e20000 - 0x00007ff806f20000 	C:\WINDOWS\System32\ucrtbase.dll
0x00007ff808020000 - 0x00007ff8080be000 	C:\WINDOWS\System32\msvcrt.dll
0x00007ffff3560000 - 0x00007ffff37fa000 	C:\WINDOWS\WinSxS\amd64_microsoft.windows.common-controls_6595b64144ccf1df_6.0.19041.844_none_ca00b6081b84eb1d\COMCTL32.dll
0x00007ff8085f0000 - 0x00007ff808620000 	C:\WINDOWS\System32\IMM32.DLL
0x0000000072000000 - 0x0000000072012000 	D:\Downloads\Programs\mars\eclipse\plugins\org.eclipse.equinox.launcher.win32.win32.x86_64_1.1.300.v20150602-1417\eclipse_1611.dll
0x00007ff807a00000 - 0x00007ff807aac000 	C:\WINDOWS\System32\ADVAPI32.dll
0x00007ff8080c0000 - 0x00007ff80815b000 	C:\WINDOWS\System32\sechost.dll
0x00007ff808170000 - 0x00007ff80829b000 	C:\WINDOWS\System32\RPCRT4.dll
0x00007ffffe4e0000 - 0x00007ffffe4ea000 	C:\WINDOWS\SYSTEM32\VERSION.dll
0x00007ff803e40000 - 0x00007ff803ede000 	C:\WINDOWS\system32\uxtheme.dll
0x00007ff807310000 - 0x00007ff807665000 	C:\WINDOWS\System32\combase.dll
0x00007ff807670000 - 0x00007ff807785000 	C:\WINDOWS\System32\MSCTF.dll
0x00007ff8070d0000 - 0x00007ff80719d000 	C:\WINDOWS\System32\OLEAUT32.dll
0x00007ff805020000 - 0x00007ff805032000 	C:\WINDOWS\SYSTEM32\kernel.appcore.dll
0x00007ff806750000 - 0x00007ff8067d0000 	C:\WINDOWS\System32\bcryptPrimitives.dll
0x00007fffe8670000 - 0x00007fffe8769000 	C:\WINDOWS\SYSTEM32\textinputframework.dll
0x00007ff803770000 - 0x00007ff803862000 	C:\WINDOWS\System32\CoreMessaging.dll
0x00007ff803410000 - 0x00007ff80376e000 	C:\WINDOWS\System32\CoreUIComponents.dll
0x00007ff8082b0000 - 0x00007ff80831b000 	C:\WINDOWS\System32\WS2_32.dll
0x00007ff807260000 - 0x00007ff80730e000 	C:\WINDOWS\System32\SHCORE.dll
0x00007ff805490000 - 0x00007ff8054c3000 	C:\WINDOWS\SYSTEM32\ntmarta.dll
0x00007ff802cc0000 - 0x00007ff802e14000 	C:\WINDOWS\SYSTEM32\wintypes.dll
0x0000000053970000 - 0x00000000541cf000 	C:\Program Files\Java\jre1.8.0_281\bin\server\jvm.dll
0x00007ff8085e0000 - 0x00007ff8085e8000 	C:\WINDOWS\System32\PSAPI.DLL
0x00007ffff9870000 - 0x00007ffff9897000 	C:\WINDOWS\SYSTEM32\WINMM.dll
0x00007fffeded0000 - 0x00007fffeded9000 	C:\WINDOWS\SYSTEM32\WSOCK32.dll
0x00007fffef2c0000 - 0x00007fffef2d6000 	C:\WINDOWS\SYSTEM32\VCRUNTIME140.dll
0x00007ffff2700000 - 0x00007ffff2710000 	C:\Program Files\Java\jre1.8.0_281\bin\verify.dll
0x00007ffff2360000 - 0x00007ffff238b000 	C:\Program Files\Java\jre1.8.0_281\bin\java.dll
0x00007ffff20b0000 - 0x00007ffff20c8000 	C:\Program Files\Java\jre1.8.0_281\bin\zip.dll
0x00007ff8086b0000 - 0x00007ff808df2000 	C:\WINDOWS\System32\SHELL32.dll
0x00007ff8044e0000 - 0x00007ff804c71000 	C:\WINDOWS\SYSTEM32\windows.storage.dll
0x00007ff8061c0000 - 0x00007ff8061ec000 	C:\WINDOWS\SYSTEM32\Wldp.dll
0x00007ff807790000 - 0x00007ff8077e5000 	C:\WINDOWS\System32\shlwapi.dll
0x00007ff806690000 - 0x00007ff8066af000 	C:\WINDOWS\SYSTEM32\profapi.dll
0x00007ff806110000 - 0x00007ff806128000 	C:\WINDOWS\SYSTEM32\CRYPTSP.dll
0x00007ff805860000 - 0x00007ff805894000 	C:\WINDOWS\system32\rsaenh.dll
0x00007ff807040000 - 0x00007ff807067000 	C:\WINDOWS\System32\bcrypt.dll
0x00007ff806610000 - 0x00007ff80663e000 	C:\WINDOWS\SYSTEM32\USERENV.dll
0x00007ff806100000 - 0x00007ff80610c000 	C:\WINDOWS\SYSTEM32\CRYPTBASE.dll
0x00007ffff2090000 - 0x00007ffff20ac000 	C:\Program Files\Java\jre1.8.0_281\bin\net.dll
0x00007ff805f30000 - 0x00007ff805f9a000 	C:\WINDOWS\system32\mswsock.dll
0x00007ff805bd0000 - 0x00007ff805c0b000 	C:\WINDOWS\SYSTEM32\IPHLPAPI.DLL
0x00007ff8082a0000 - 0x00007ff8082a8000 	C:\WINDOWS\System32\NSI.dll
0x00007ffffd730000 - 0x00007ffffd747000 	C:\WINDOWS\SYSTEM32\dhcpcsvc6.DLL
0x00007ffffee50000 - 0x00007ffffee6d000 	C:\WINDOWS\SYSTEM32\dhcpcsvc.DLL
0x00007ff805c10000 - 0x00007ff805cdc000 	C:\WINDOWS\SYSTEM32\DNSAPI.dll
0x00007ffff1f00000 - 0x00007ffff1f13000 	C:\Program Files\Java\jre1.8.0_281\bin\nio.dll
0x00007fffea840000 - 0x00007fffea857000 	C:\WINDOWS\system32\napinsp.dll
0x00007fffea770000 - 0x00007fffea78b000 	C:\WINDOWS\system32\pnrpnsp.dll
0x00007ff800be0000 - 0x00007ff800bf5000 	C:\WINDOWS\system32\wshbth.dll
0x00007ff801740000 - 0x00007ff80175d000 	C:\WINDOWS\system32\NLAapi.dll
0x00007fffea750000 - 0x00007fffea762000 	C:\WINDOWS\System32\winrnr.dll
0x00007ffffeb20000 - 0x00007ffffeb2a000 	C:\Windows\System32\rasadhlp.dll
0x00007ffff0e30000 - 0x00007ffff0eaf000 	C:\WINDOWS\System32\fwpuclnt.dll
0x0000000015da0000 - 0x0000000015e48000 	D:\Downloads\Programs\mars\eclipse\configuration\org.eclipse.osgi\769\0\.cp\swt-win32-4527.dll
0x00007ff808320000 - 0x00007ff80844a000 	C:\WINDOWS\System32\ole32.dll
0x00007ff808500000 - 0x00007ff8085da000 	C:\WINDOWS\System32\comdlg32.dll
0x00007ff806b00000 - 0x00007ff806c5f000 	C:\WINDOWS\System32\CRYPT32.dll
0x00007ffff34d0000 - 0x00007ffff355e000 	C:\WINDOWS\SYSTEM32\WINSPOOL.DRV
0x00007ffff2720000 - 0x00007ffff2739000 	C:\WINDOWS\SYSTEM32\USP10.dll
0x00007fffec750000 - 0x00007fffecc2d000 	C:\WINDOWS\SYSTEM32\WININET.dll
0x00007ff803c20000 - 0x00007ff803d17000 	C:\WINDOWS\SYSTEM32\propsys.dll
0x00007ff808450000 - 0x00007ff8084f9000 	C:\WINDOWS\System32\clbcatq.dll
0x00007fffcc120000 - 0x00007fffcc12d000 	C:\WINDOWS\SYSTEM32\LINKINFO.dll
0x00007fffcc750000 - 0x00007fffcc8ce000 	C:\Windows\System32\TaskFlowDataEngine.dll
0x00007fffd4320000 - 0x00007fffd47c1000 	C:\Windows\System32\cdp.dll
0x00007ff806f50000 - 0x00007ff806f9e000 	C:\WINDOWS\System32\cfgmgr32.dll
0x00007ff805bb0000 - 0x00007ff805bc2000 	C:\Windows\System32\UMPDC.dll
0x00007ff801cc0000 - 0x00007ff801dfb000 	C:\Windows\System32\dsreg.dll
0x00007ff8058f0000 - 0x00007ff80597a000 	C:\Windows\System32\msvcp110_win.dll
0x000000001bff0000 - 0x000000001c00e000 	D:\Downloads\Programs\mars\eclipse\configuration\org.eclipse.osgi\769\0\.cp\swt-gdip-win32-4527.dll
0x00007ffff3800000 - 0x00007ffff39ab000 	C:\WINDOWS\WinSxS\amd64_microsoft.windows.gdiplus_6595b64144ccf1df_1.1.19041.928_none_faefac437613c6cc\gdiplus.dll
0x00007ffffe180000 - 0x00007ffffe334000 	C:\WINDOWS\SYSTEM32\WindowsCodecs.dll
0x0000000180000000 - 0x0000000180012000 	D:\Downloads\Programs\mars\eclipse\configuration\org.eclipse.osgi\193\0\.cp\os\win32\x86_64\localfile_1_0_0.dll
0x00007fffcaee0000 - 0x00007fffcaf8c000 	C:\WINDOWS\SYSTEM32\TextShaping.dll
0x00007ffff3460000 - 0x00007ffff34c6000 	C:\WINDOWS\SYSTEM32\oleacc.dll
0x00007fffd8410000 - 0x00007fffd8452000 	C:\WINDOWS\system32\mlang.dll
0x00007ffff1ee0000 - 0x00007ffff1ef1000 	D:\Downloads\Programs\mars\eclipse\configuration\org.eclipse.osgi\196\0\.cp\jWinHttp-1.0.0.dll
0x00007ffff9f60000 - 0x00007ffffa06b000 	C:\WINDOWS\SYSTEM32\WINHTTP.dll
0x00007ffff1eb0000 - 0x00007ffff1ed4000 	C:\Program Files\Java\jre1.8.0_281\bin\sunec.dll
0x00007fffca5c0000 - 0x00007fffca5fe000 	C:\WINDOWS\system32\dataexchange.dll
0x00007ff801ef0000 - 0x00007ff802154000 	C:\WINDOWS\system32\d3d11.dll
0x00007ff802e60000 - 0x00007ff803045000 	C:\WINDOWS\system32\dcomp.dll
0x00007ff805090000 - 0x00007ff805183000 	C:\WINDOWS\system32\dxgi.dll
0x00007ffffef30000 - 0x00007fffff131000 	C:\WINDOWS\system32\twinapi.appcore.dll
0x00007fffbc680000 - 0x00007fffbc815000 	C:\Program Files\Java\jre1.8.0_281\bin\awt.dll
0x00007fffef220000 - 0x00007fffef2b9000 	C:\WINDOWS\SYSTEM32\MSVCP140.dll
0x00007ff803a70000 - 0x00007ff803b00000 	C:\WINDOWS\SYSTEM32\apphelp.dll
0x00007ffffc5a0000 - 0x00007ffffc5a7000 	C:\WINDOWS\SYSTEM32\msimg32.dll
0x00007fffca390000 - 0x00007fffca5b1000 	C:\WINDOWS\system32\explorerframe.dll
0x00007ffff0740000 - 0x00007ffff09f0000 	C:\Windows\System32\iertutil.dll
0x00007fffc8190000 - 0x00007fffc820d000 	C:\WINDOWS\system32\ntshrui.dll
0x00007ff806640000 - 0x00007ff806671000 	C:\WINDOWS\system32\SspiCli.dll
0x00007fffef590000 - 0x00007fffef5b8000 	C:\WINDOWS\system32\srvcli.dll
0x00007fffd8150000 - 0x00007fffd8162000 	C:\WINDOWS\SYSTEM32\cscapi.dll
0x00007ff805d30000 - 0x00007ff805d3c000 	C:\WINDOWS\system32\netutils.dll
0x00007ff807f20000 - 0x00007ff807f99000 	C:\WINDOWS\System32\coml2.dll
0x00007fffee120000 - 0x00007fffee13d000 	C:\WINDOWS\SYSTEM32\MPR.dll
0x00007fffba1c0000 - 0x00007fffba1dd000 	C:\WINDOWS\System32\p9np.dll
0x00007fffc6710000 - 0x00007fffc671b000 	C:\WINDOWS\System32\drprov.dll
0x00007ff805540000 - 0x00007ff80559a000 	C:\WINDOWS\System32\WINSTA.dll
0x00007fffba0f0000 - 0x00007fffba108000 	C:\WINDOWS\System32\ntlanman.dll
0x00007fffba0d0000 - 0x00007fffba0ee000 	C:\WINDOWS\System32\davclnt.dll
0x00007fffc1e80000 - 0x00007fffc1e8d000 	C:\WINDOWS\System32\DAVHLPR.dll
0x00007ff805980000 - 0x00007ff805997000 	C:\WINDOWS\System32\wkscli.dll
0x00007fffc4b90000 - 0x00007fffc4c56000 	C:\WINDOWS\system32\Windows.Storage.Search.dll
0x00007fffc9560000 - 0x00007fffc9584000 	C:\WINDOWS\SYSTEM32\edputil.dll
0x00007ff801680000 - 0x00007ff801720000 	C:\WINDOWS\SYSTEM32\policymanager.dll
0x00007ffff2350000 - 0x00007ffff235d000 	C:\Program Files\Java\jre1.8.0_281\bin\management.dll
0x00007ffff1ea0000 - 0x00007ffff1ead000 	C:\Program Files\Java\jre1.8.0_281\bin\sunmscapi.dll
0x00007ff806230000 - 0x00007ff806257000 	C:\WINDOWS\SYSTEM32\ncrypt.dll
0x00007ff8061f0000 - 0x00007ff80622b000 	C:\WINDOWS\SYSTEM32\NTASN1.dll
0x00007ffffeab0000 - 0x00007ffffeb1a000 	C:\WINDOWS\system32\Ninput.dll
0x00007ff8040f0000 - 0x00007ff80411f000 	C:\WINDOWS\system32\DWMAPI.DLL
0x00007fff97e30000 - 0x00007fff981a5000 	C:\WINDOWS\System32\DriverStore\FileRepository\prnms003.inf_amd64_9450a82fdb444039\Amd64\PrintConfig.dll
0x00007fffd9870000 - 0x00007fffd98a1000 	C:\WINDOWS\SYSTEM32\prntvpt.dll
0x00007fffbc430000 - 0x00007fffbc50d000 	C:\WINDOWS\System32\DriverStore\FileRepository\ntprint.inf_amd64_c62e9f8067f98247\Amd64\mxdwdrv.dll
0x00007fffcbea0000 - 0x00007fffcc11f000 	C:\WINDOWS\SYSTEM32\DWrite.dll

VM Arguments:
jvm_args: -Dosgi.requiredJavaVersion=1.7 -Xms256m -Xmx1024m 
java_command: <unknown>
java_class_path (initial): D:\Downloads\Programs\mars\eclipse\\plugins/org.eclipse.equinox.launcher_1.3.100.v20150511-1540.jar
Launcher Type: generic

Environment Variables:
USERNAME=ragbojo
OS=Windows_NT
PROCESSOR_IDENTIFIER=Intel64 Family 6 Model 158 Stepping 10, GenuineIntel



---------------  S Y S T E M  ---------------

OS: Windows 10.0 , 64 bit Build 19041 (10.0.19041.928)

CPU:total 12 (initial active 12) (6 cores per cpu, 2 threads per core) family 6 model 158 stepping 10, cmov, cx8, fxsr, mmx, sse, sse2, sse3, ssse3, sse4.1, sse4.2, popcnt, avx, avx2, aes, clmul, erms, 3dnowpref, lzcnt, ht, tsc, tscinvbit, bmi1, bmi2, adx

Memory: 4k page, physical 16633512k(1169012k free), swap 47042216k(14474296k free)

vm_info: Java HotSpot(TM) 64-Bit Server VM (25.281-b09) for windows-amd64 JRE (1.8.0_281-b09), built on Dec  9 2020 13:54:07 by "" with MS VC++ 15.9 (VS2017)

time: Thu Apr 29 09:48:01 2021
timezone: W. Central Africa Standard Time
elapsed time: 1616.954644 seconds (0d 0h 26m 56s)

